-------------------------------------------------------------------------------
Test set: com.tp1.AppTest
-------------------------------------------------------------------------------
Tests run: 1, Failures: 1, Errors: 0, Skipped: 0, Time elapsed: 0.038 s <<< FAILURE! - in com.tp1.AppTest
shouldAnswerWithTrue(com.tp1.AppTest)  Time elapsed: 0.007 s  <<< FAILURE!
java.lang.AssertionError
	at com.tp1.AppTest.shouldAnswerWithTrue(AppTest.java:18)

